 le mot anxiety a 5 occurences
 le mot arrhythmias a 3 occurences
 le mot blindness a 1 occurences
 le mot blurred vision a 5 occurences
 le mot constricted pupils a 3 occurences
 le mot cough a 6 occurences
 le mot dialated pupils a 4 occurences
 le mot dizziness a 5 occurences
 le mot dry mouth a 8 occurences
 le mot fever a 7 occurences
 le mot headache a 3 occurences
 le mot high blood pressure a 10 occurences
 le mot inflamation a 7 occurences
 le mot insomnia a 4 occurences
 le mot low blood pressure a 4 occurences
 le mot nausea a 5 occurences
 le mot rapid heart rate a 1 occurences
 le mot rash a 4 occurences
 le mot shortness of breath a 3 occurences
 le mot stiff neck a 4 occurences
 le mot stomach pain a 3 occurences
 le mot tremor a 4 occurences
 le mot water retention a 1 occurences
